debug: Tue, 02 Aug 2022 02:27:46 GMT
debug: Project: /Users/xiejiapei/SpeedTaxi
debug: Targets: editor,preview
debug: Incremental file seems great.
debug: Engine path: /Applications/CocosCreator/Creator/3.5.2/CocosCreator.app/Contents/Resources/resources/3d/engine
debug: Initializing target [Editor]
debug: Loading cache
debug: Loading cache costs 7.095582962036133ms.
debug: Engine features shipped in editor: base,gfx-webgl,gfx-webgl2,3d,animation,skeletal-animation,2d,ui,particle,particle-2d,physics-framework,physics-2d-framework,intersection-2d,primitive,profiler,audio,video,terrain,webview,tween,tiled-map,spine,dragon-bones,marionette
debug: Initializing target [Preview]
debug: Loading cache
debug: Loading cache costs 6.938708066940308ms.
debug: Sync engine features: 2d,3d,animation,audio,base,gfx-webgl,gfx-webgl2,marionette,particle,physics-cannon,primitive,profiler,skeletal-animation,tween,ui
debug: Pulling asset-db.
debug: Fetch asset-db cost: 17.655791997909546ms.
debug: Build iteration starts.
Number of accumulated asset changes: 60
Feature changed: false
debug: Target(editor) build started.
debug: Detected change: cce:/internal/x/cc. Last mtime: Thu Jan 01 1970 08:00:06 GMT+0800 (中国标准时间), Current mtime: Thu Jan 01 1970 08:00:06 GMT+0800 (中国标准时间)
debug: Inspect cce:/internal/x/cc
debug: Resolve cce:/internal/x/cc-fu/base from cce:/internal/x/cc as external dependency cce:/internal/x/cc-fu/base.
debug: Resolve cce:/internal/x/cc-fu/gfx-webgl from cce:/internal/x/cc as external dependency cce:/internal/x/cc-fu/gfx-webgl.
debug: Resolve cce:/internal/x/cc-fu/gfx-webgl2 from cce:/internal/x/cc as external dependency cce:/internal/x/cc-fu/gfx-webgl2.
debug: Resolve cce:/internal/x/cc-fu/3d from cce:/internal/x/cc as external dependency cce:/internal/x/cc-fu/3d.
debug: Resolve cce:/internal/x/cc-fu/animation from cce:/internal/x/cc as external dependency cce:/internal/x/cc-fu/animation.
debug: Resolve cce:/internal/x/cc-fu/skeletal-animation from cce:/internal/x/cc as external dependency cce:/internal/x/cc-fu/skeletal-animation.
debug: Resolve cce:/internal/x/cc-fu/2d from cce:/internal/x/cc as external dependency cce:/internal/x/cc-fu/2d.
debug: Resolve cce:/internal/x/cc-fu/ui from cce:/internal/x/cc as external dependency cce:/internal/x/cc-fu/ui.
debug: Resolve cce:/internal/x/cc-fu/particle from cce:/internal/x/cc as external dependency cce:/internal/x/cc-fu/particle.
debug: Resolve cce:/internal/x/cc-fu/particle-2d from cce:/internal/x/cc as external dependency cce:/internal/x/cc-fu/particle-2d.
debug: Resolve cce:/internal/x/cc-fu/physics-framework from cce:/internal/x/cc as external dependency cce:/internal/x/cc-fu/physics-framework.
debug: Resolve cce:/internal/x/cc-fu/physics-2d-framework from cce:/internal/x/cc as external dependency cce:/internal/x/cc-fu/physics-2d-framework.
debug: Resolve cce:/internal/x/cc-fu/intersection-2d from cce:/internal/x/cc as external dependency cce:/internal/x/cc-fu/intersection-2d.
debug: Resolve cce:/internal/x/cc-fu/primitive from cce:/internal/x/cc as external dependency cce:/internal/x/cc-fu/primitive.
debug: Resolve cce:/internal/x/cc-fu/profiler from cce:/internal/x/cc as external dependency cce:/internal/x/cc-fu/profiler.
debug: Resolve cce:/internal/x/cc-fu/audio from cce:/internal/x/cc as external dependency cce:/internal/x/cc-fu/audio.
debug: Resolve cce:/internal/x/cc-fu/video from cce:/internal/x/cc as external dependency cce:/internal/x/cc-fu/video.
debug: Resolve cce:/internal/x/cc-fu/terrain from cce:/internal/x/cc as external dependency cce:/internal/x/cc-fu/terrain.
debug: Resolve cce:/internal/x/cc-fu/webview from cce:/internal/x/cc as external dependency cce:/internal/x/cc-fu/webview.
debug: Resolve cce:/internal/x/cc-fu/tween from cce:/internal/x/cc as external dependency cce:/internal/x/cc-fu/tween.
debug: Resolve cce:/internal/x/cc-fu/tiled-map from cce:/internal/x/cc as external dependency cce:/internal/x/cc-fu/tiled-map.
debug: Resolve cce:/internal/x/cc-fu/spine from cce:/internal/x/cc as external dependency cce:/internal/x/cc-fu/spine.
debug: Resolve cce:/internal/x/cc-fu/dragon-bones from cce:/internal/x/cc as external dependency cce:/internal/x/cc-fu/dragon-bones.
debug: Detected change: cce:/internal/x/prerequisite-imports. Last mtime: Thu Jan 01 1970 08:00:06 GMT+0800 (中国标准时间), Current mtime: Thu Jan 01 1970 08:00:06 GMT+0800 (中国标准时间)
debug: Inspect cce:/internal/x/prerequisite-imports
debug: Resolve file:///Users/xiejiapei/SpeedTaxi/assets/script/fight/car.ts from cce:/internal/x/prerequisite-imports as file:///Users/xiejiapei/SpeedTaxi/assets/script/fight/car.ts.
debug: Detected change: cce:/internal/code-quality/cr.mjs. Last mtime: Mon Aug 01 2022 23:27:10 GMT+0800 (中国标准时间), Current mtime: Tue Aug 02 2022 10:27:40 GMT+0800 (中国标准时间)
debug: Inspect cce:/internal/code-quality/cr.mjs
debug: Resolve file:///Users/xiejiapei/SpeedTaxi/assets/script/fight/carManager.ts from cce:/internal/x/prerequisite-imports as file:///Users/xiejiapei/SpeedTaxi/assets/script/fight/carManager.ts.
debug: Resolve file:///Users/xiejiapei/SpeedTaxi/assets/script/fight/customerManager.ts from cce:/internal/x/prerequisite-imports as file:///Users/xiejiapei/SpeedTaxi/assets/script/fight/customerManager.ts.
debug: Resolve file:///Users/xiejiapei/SpeedTaxi/assets/script/fight/effectManager.ts from cce:/internal/x/prerequisite-imports as file:///Users/xiejiapei/SpeedTaxi/assets/script/fight/effectManager.ts.
debug: Resolve file:///Users/xiejiapei/SpeedTaxi/assets/script/fight/fightConstants.ts from cce:/internal/x/prerequisite-imports as file:///Users/xiejiapei/SpeedTaxi/assets/script/fight/fightConstants.ts.
debug: Resolve file:///Users/xiejiapei/SpeedTaxi/assets/script/fight/fightManager.ts from cce:/internal/x/prerequisite-imports as file:///Users/xiejiapei/SpeedTaxi/assets/script/fight/fightManager.ts.
debug: Resolve file:///Users/xiejiapei/SpeedTaxi/assets/script/fight/fightMap.ts from cce:/internal/x/prerequisite-imports as file:///Users/xiejiapei/SpeedTaxi/assets/script/fight/fightMap.ts.
debug: Resolve file:///Users/xiejiapei/SpeedTaxi/assets/script/fight/follow.ts from cce:/internal/x/prerequisite-imports as file:///Users/xiejiapei/SpeedTaxi/assets/script/fight/follow.ts.
debug: Resolve file:///Users/xiejiapei/SpeedTaxi/assets/script/fight/roadPoint.ts from cce:/internal/x/prerequisite-imports as file:///Users/xiejiapei/SpeedTaxi/assets/script/fight/roadPoint.ts.
debug: Resolve file:///Users/xiejiapei/SpeedTaxi/assets/script/framework/GameRoot.ts from cce:/internal/x/prerequisite-imports as file:///Users/xiejiapei/SpeedTaxi/assets/script/framework/GameRoot.ts.
debug: Resolve file:///Users/xiejiapei/SpeedTaxi/assets/script/framework/audioManager.ts from cce:/internal/x/prerequisite-imports as file:///Users/xiejiapei/SpeedTaxi/assets/script/framework/audioManager.ts.
debug: Resolve file:///Users/xiejiapei/SpeedTaxi/assets/script/framework/clientEvent.ts from cce:/internal/x/prerequisite-imports as file:///Users/xiejiapei/SpeedTaxi/assets/script/framework/clientEvent.ts.
debug: Resolve file:///Users/xiejiapei/SpeedTaxi/assets/script/framework/configuration.ts from cce:/internal/x/prerequisite-imports as file:///Users/xiejiapei/SpeedTaxi/assets/script/framework/configuration.ts.
debug: Resolve file:///Users/xiejiapei/SpeedTaxi/assets/script/framework/constant.ts from cce:/internal/x/prerequisite-imports as file:///Users/xiejiapei/SpeedTaxi/assets/script/framework/constant.ts.
debug: Resolve file:///Users/xiejiapei/SpeedTaxi/assets/script/framework/csvManager.ts from cce:/internal/x/prerequisite-imports as file:///Users/xiejiapei/SpeedTaxi/assets/script/framework/csvManager.ts.
debug: Resolve file:///Users/xiejiapei/SpeedTaxi/assets/script/framework/eventListener.ts from cce:/internal/x/prerequisite-imports as file:///Users/xiejiapei/SpeedTaxi/assets/script/framework/eventListener.ts.
debug: Resolve file:///Users/xiejiapei/SpeedTaxi/assets/script/framework/localConfig.ts from cce:/internal/x/prerequisite-imports as file:///Users/xiejiapei/SpeedTaxi/assets/script/framework/localConfig.ts.
debug: Resolve file:///Users/xiejiapei/SpeedTaxi/assets/script/framework/lodash.ts from cce:/internal/x/prerequisite-imports as file:///Users/xiejiapei/SpeedTaxi/assets/script/framework/lodash.ts.
debug: Resolve file:///Users/xiejiapei/SpeedTaxi/assets/script/framework/oneToMultiListener.ts from cce:/internal/x/prerequisite-imports as file:///Users/xiejiapei/SpeedTaxi/assets/script/framework/oneToMultiListener.ts.
debug: Resolve file:///Users/xiejiapei/SpeedTaxi/assets/script/framework/playerData.ts from cce:/internal/x/prerequisite-imports as file:///Users/xiejiapei/SpeedTaxi/assets/script/framework/playerData.ts.
debug: Resolve file:///Users/xiejiapei/SpeedTaxi/assets/script/framework/poolManager.ts from cce:/internal/x/prerequisite-imports as file:///Users/xiejiapei/SpeedTaxi/assets/script/framework/poolManager.ts.
debug: Resolve file:///Users/xiejiapei/SpeedTaxi/assets/script/framework/resourceUtil.ts from cce:/internal/x/prerequisite-imports as file:///Users/xiejiapei/SpeedTaxi/assets/script/framework/resourceUtil.ts.
debug: Resolve file:///Users/xiejiapei/SpeedTaxi/assets/script/framework/uiManager.ts from cce:/internal/x/prerequisite-imports as file:///Users/xiejiapei/SpeedTaxi/assets/script/framework/uiManager.ts.
debug: Resolve file:///Users/xiejiapei/SpeedTaxi/assets/script/framework/util.ts from cce:/internal/x/prerequisite-imports as file:///Users/xiejiapei/SpeedTaxi/assets/script/framework/util.ts.
debug: Resolve file:///Users/xiejiapei/SpeedTaxi/assets/script/i18nMaster/i18n/en.ts from cce:/internal/x/prerequisite-imports as file:///Users/xiejiapei/SpeedTaxi/assets/script/i18nMaster/i18n/en.ts.
debug: Resolve file:///Users/xiejiapei/SpeedTaxi/assets/script/i18nMaster/i18n/zh.ts from cce:/internal/x/prerequisite-imports as file:///Users/xiejiapei/SpeedTaxi/assets/script/i18nMaster/i18n/zh.ts.
debug: Resolve file:///Users/xiejiapei/SpeedTaxi/assets/script/i18nMaster/runtime-scripts/LanguageData.ts from cce:/internal/x/prerequisite-imports as file:///Users/xiejiapei/SpeedTaxi/assets/script/i18nMaster/runtime-scripts/LanguageData.ts.
debug: Resolve file:///Users/xiejiapei/SpeedTaxi/assets/script/i18nMaster/runtime-scripts/LocalizedLabel.ts from cce:/internal/x/prerequisite-imports as file:///Users/xiejiapei/SpeedTaxi/assets/script/i18nMaster/runtime-scripts/LocalizedLabel.ts.
debug: Resolve file:///Users/xiejiapei/SpeedTaxi/assets/script/i18nMaster/runtime-scripts/LocalizedSprite.ts from cce:/internal/x/prerequisite-imports as file:///Users/xiejiapei/SpeedTaxi/assets/script/i18nMaster/runtime-scripts/LocalizedSprite.ts.
debug: Resolve file:///Users/xiejiapei/SpeedTaxi/assets/script/i18nMaster/runtime-scripts/SpriteFrameSet.ts from cce:/internal/x/prerequisite-imports as file:///Users/xiejiapei/SpeedTaxi/assets/script/i18nMaster/runtime-scripts/SpriteFrameSet.ts.
debug: Resolve file:///Users/xiejiapei/SpeedTaxi/assets/script/i18nMaster/runtime-scripts/polyglot.min.ts from cce:/internal/x/prerequisite-imports as file:///Users/xiejiapei/SpeedTaxi/assets/script/i18nMaster/runtime-scripts/polyglot.min.ts.
debug: Resolve file:///Users/xiejiapei/SpeedTaxi/assets/script/logic/gameLogic.ts from cce:/internal/x/prerequisite-imports as file:///Users/xiejiapei/SpeedTaxi/assets/script/logic/gameLogic.ts.
debug: Resolve file:///Users/xiejiapei/SpeedTaxi/assets/script/main.ts from cce:/internal/x/prerequisite-imports as file:///Users/xiejiapei/SpeedTaxi/assets/script/main.ts.
debug: Resolve file:///Users/xiejiapei/SpeedTaxi/assets/script/ui/common/blockInputEvent.ts from cce:/internal/x/prerequisite-imports as file:///Users/xiejiapei/SpeedTaxi/assets/script/ui/common/blockInputEvent.ts.
debug: Resolve file:///Users/xiejiapei/SpeedTaxi/assets/script/ui/common/btnAdapter.ts from cce:/internal/x/prerequisite-imports as file:///Users/xiejiapei/SpeedTaxi/assets/script/ui/common/btnAdapter.ts.
debug: Resolve file:///Users/xiejiapei/SpeedTaxi/assets/script/ui/common/loading.ts from cce:/internal/x/prerequisite-imports as file:///Users/xiejiapei/SpeedTaxi/assets/script/ui/common/loading.ts.
debug: Resolve file:///Users/xiejiapei/SpeedTaxi/assets/script/ui/common/showReward.ts from cce:/internal/x/prerequisite-imports as file:///Users/xiejiapei/SpeedTaxi/assets/script/ui/common/showReward.ts.
debug: Resolve file:///Users/xiejiapei/SpeedTaxi/assets/script/ui/common/tips.ts from cce:/internal/x/prerequisite-imports as file:///Users/xiejiapei/SpeedTaxi/assets/script/ui/common/tips.ts.
debug: Resolve file:///Users/xiejiapei/SpeedTaxi/assets/script/ui/common/updateValueLabel.ts from cce:/internal/x/prerequisite-imports as file:///Users/xiejiapei/SpeedTaxi/assets/script/ui/common/updateValueLabel.ts.
debug: Resolve file:///Users/xiejiapei/SpeedTaxi/assets/script/ui/fight/balance.ts from cce:/internal/x/prerequisite-imports as file:///Users/xiejiapei/SpeedTaxi/assets/script/ui/fight/balance.ts.
debug: Resolve file:///Users/xiejiapei/SpeedTaxi/assets/script/ui/fight/clickBox.ts from cce:/internal/x/prerequisite-imports as file:///Users/xiejiapei/SpeedTaxi/assets/script/ui/fight/clickBox.ts.
debug: Resolve file:///Users/xiejiapei/SpeedTaxi/assets/script/ui/fight/fightCanvas.ts from cce:/internal/x/prerequisite-imports as file:///Users/xiejiapei/SpeedTaxi/assets/script/ui/fight/fightCanvas.ts.
debug: Resolve file:///Users/xiejiapei/SpeedTaxi/assets/script/ui/fight/fightUI.ts from cce:/internal/x/prerequisite-imports as file:///Users/xiejiapei/SpeedTaxi/assets/script/ui/fight/fightUI.ts.
debug: Resolve file:///Users/xiejiapei/SpeedTaxi/assets/script/ui/fight/revive.ts from cce:/internal/x/prerequisite-imports as file:///Users/xiejiapei/SpeedTaxi/assets/script/ui/fight/revive.ts.
debug: Resolve file:///Users/xiejiapei/SpeedTaxi/assets/script/ui/lottery/lottery.ts from cce:/internal/x/prerequisite-imports as file:///Users/xiejiapei/SpeedTaxi/assets/script/ui/lottery/lottery.ts.
debug: Resolve file:///Users/xiejiapei/SpeedTaxi/assets/script/ui/lottery/lotteryItem.ts from cce:/internal/x/prerequisite-imports as file:///Users/xiejiapei/SpeedTaxi/assets/script/ui/lottery/lotteryItem.ts.
debug: Resolve file:///Users/xiejiapei/SpeedTaxi/assets/script/ui/main/flyReward.ts from cce:/internal/x/prerequisite-imports as file:///Users/xiejiapei/SpeedTaxi/assets/script/ui/main/flyReward.ts.
debug: Resolve file:///Users/xiejiapei/SpeedTaxi/assets/script/ui/main/flyRewardItem.ts from cce:/internal/x/prerequisite-imports as file:///Users/xiejiapei/SpeedTaxi/assets/script/ui/main/flyRewardItem.ts.
debug: Resolve file:///Users/xiejiapei/SpeedTaxi/assets/script/ui/main/invincible.ts from cce:/internal/x/prerequisite-imports as file:///Users/xiejiapei/SpeedTaxi/assets/script/ui/main/invincible.ts.
debug: Resolve file:///Users/xiejiapei/SpeedTaxi/assets/script/ui/main/mainUI.ts from cce:/internal/x/prerequisite-imports as file:///Users/xiejiapei/SpeedTaxi/assets/script/ui/main/mainUI.ts.
debug: Resolve file:///Users/xiejiapei/SpeedTaxi/assets/script/ui/main/setting.ts from cce:/internal/x/prerequisite-imports as file:///Users/xiejiapei/SpeedTaxi/assets/script/ui/main/setting.ts.
debug: Resolve file:///Users/xiejiapei/SpeedTaxi/assets/script/ui/main/trial.ts from cce:/internal/x/prerequisite-imports as file:///Users/xiejiapei/SpeedTaxi/assets/script/ui/main/trial.ts.
debug: Resolve file:///Users/xiejiapei/SpeedTaxi/assets/script/ui/online/online.ts from cce:/internal/x/prerequisite-imports as file:///Users/xiejiapei/SpeedTaxi/assets/script/ui/online/online.ts.
debug: Resolve file:///Users/xiejiapei/SpeedTaxi/assets/script/ui/online/onlineDouble.ts from cce:/internal/x/prerequisite-imports as file:///Users/xiejiapei/SpeedTaxi/assets/script/ui/online/onlineDouble.ts.
debug: Resolve file:///Users/xiejiapei/SpeedTaxi/assets/script/ui/shop/shop.ts from cce:/internal/x/prerequisite-imports as file:///Users/xiejiapei/SpeedTaxi/assets/script/ui/shop/shop.ts.
debug: Resolve file:///Users/xiejiapei/SpeedTaxi/assets/script/ui/shop/shopItem.ts from cce:/internal/x/prerequisite-imports as file:///Users/xiejiapei/SpeedTaxi/assets/script/ui/shop/shopItem.ts.
debug: Resolve file:///Users/xiejiapei/SpeedTaxi/assets/script/ui/shop/shopPage.ts from cce:/internal/x/prerequisite-imports as file:///Users/xiejiapei/SpeedTaxi/assets/script/ui/shop/shopPage.ts.
debug: Resolve file:///Users/xiejiapei/SpeedTaxi/assets/script/ui/signIn/signIn.ts from cce:/internal/x/prerequisite-imports as file:///Users/xiejiapei/SpeedTaxi/assets/script/ui/signIn/signIn.ts.
debug: Resolve file:///Users/xiejiapei/SpeedTaxi/assets/script/ui/signIn/signInItem.ts from cce:/internal/x/prerequisite-imports as file:///Users/xiejiapei/SpeedTaxi/assets/script/ui/signIn/signInItem.ts.
debug: Target(editor) ends with cost 157.7123339176178ms.
debug: Target(preview) build started.
debug: Detected change: cce:/internal/x/cc. Last mtime: Thu Jan 01 1970 08:00:06 GMT+0800 (中国标准时间), Current mtime: Thu Jan 01 1970 08:00:06 GMT+0800 (中国标准时间)
debug: Inspect cce:/internal/x/cc
debug: Resolve cce:/internal/x/cc-fu/2d from cce:/internal/x/cc as external dependency cce:/internal/x/cc-fu/2d.
debug: Resolve cce:/internal/x/cc-fu/3d from cce:/internal/x/cc as external dependency cce:/internal/x/cc-fu/3d.
debug: Resolve cce:/internal/x/cc-fu/animation from cce:/internal/x/cc as external dependency cce:/internal/x/cc-fu/animation.
debug: Resolve cce:/internal/x/cc-fu/audio from cce:/internal/x/cc as external dependency cce:/internal/x/cc-fu/audio.
debug: Resolve cce:/internal/x/cc-fu/base from cce:/internal/x/cc as external dependency cce:/internal/x/cc-fu/base.
debug: Resolve cce:/internal/x/cc-fu/gfx-webgl from cce:/internal/x/cc as external dependency cce:/internal/x/cc-fu/gfx-webgl.
debug: Resolve cce:/internal/x/cc-fu/gfx-webgl2 from cce:/internal/x/cc as external dependency cce:/internal/x/cc-fu/gfx-webgl2.
debug: Resolve cce:/internal/x/cc-fu/particle from cce:/internal/x/cc as external dependency cce:/internal/x/cc-fu/particle.
debug: Resolve cce:/internal/x/cc-fu/physics-cannon from cce:/internal/x/cc as external dependency cce:/internal/x/cc-fu/physics-cannon.
debug: Resolve cce:/internal/x/cc-fu/physics-framework from cce:/internal/x/cc as external dependency cce:/internal/x/cc-fu/physics-framework.
debug: Resolve cce:/internal/x/cc-fu/primitive from cce:/internal/x/cc as external dependency cce:/internal/x/cc-fu/primitive.
debug: Resolve cce:/internal/x/cc-fu/profiler from cce:/internal/x/cc as external dependency cce:/internal/x/cc-fu/profiler.
debug: Resolve cce:/internal/x/cc-fu/skeletal-animation from cce:/internal/x/cc as external dependency cce:/internal/x/cc-fu/skeletal-animation.
debug: Resolve cce:/internal/x/cc-fu/tween from cce:/internal/x/cc as external dependency cce:/internal/x/cc-fu/tween.
debug: Resolve cce:/internal/x/cc-fu/ui from cce:/internal/x/cc as external dependency cce:/internal/x/cc-fu/ui.
debug: Detected change: cce:/internal/x/prerequisite-imports. Last mtime: Thu Jan 01 1970 08:00:06 GMT+0800 (中国标准时间), Current mtime: Thu Jan 01 1970 08:00:06 GMT+0800 (中国标准时间)
debug: Inspect cce:/internal/x/prerequisite-imports
debug: Resolve file:///Users/xiejiapei/SpeedTaxi/assets/script/fight/car.ts from cce:/internal/x/prerequisite-imports as file:///Users/xiejiapei/SpeedTaxi/assets/script/fight/car.ts.
debug: Detected change: cce:/internal/code-quality/cr.mjs. Last mtime: Mon Aug 01 2022 23:27:10 GMT+0800 (中国标准时间), Current mtime: Tue Aug 02 2022 10:27:40 GMT+0800 (中国标准时间)
debug: Inspect cce:/internal/code-quality/cr.mjs
debug: Resolve file:///Users/xiejiapei/SpeedTaxi/assets/script/fight/carManager.ts from cce:/internal/x/prerequisite-imports as file:///Users/xiejiapei/SpeedTaxi/assets/script/fight/carManager.ts.
debug: Resolve file:///Users/xiejiapei/SpeedTaxi/assets/script/fight/customerManager.ts from cce:/internal/x/prerequisite-imports as file:///Users/xiejiapei/SpeedTaxi/assets/script/fight/customerManager.ts.
debug: Resolve file:///Users/xiejiapei/SpeedTaxi/assets/script/fight/effectManager.ts from cce:/internal/x/prerequisite-imports as file:///Users/xiejiapei/SpeedTaxi/assets/script/fight/effectManager.ts.
debug: Resolve file:///Users/xiejiapei/SpeedTaxi/assets/script/fight/fightConstants.ts from cce:/internal/x/prerequisite-imports as file:///Users/xiejiapei/SpeedTaxi/assets/script/fight/fightConstants.ts.
debug: Resolve file:///Users/xiejiapei/SpeedTaxi/assets/script/fight/fightManager.ts from cce:/internal/x/prerequisite-imports as file:///Users/xiejiapei/SpeedTaxi/assets/script/fight/fightManager.ts.
debug: Resolve file:///Users/xiejiapei/SpeedTaxi/assets/script/fight/fightMap.ts from cce:/internal/x/prerequisite-imports as file:///Users/xiejiapei/SpeedTaxi/assets/script/fight/fightMap.ts.
debug: Resolve file:///Users/xiejiapei/SpeedTaxi/assets/script/fight/follow.ts from cce:/internal/x/prerequisite-imports as file:///Users/xiejiapei/SpeedTaxi/assets/script/fight/follow.ts.
debug: Resolve file:///Users/xiejiapei/SpeedTaxi/assets/script/fight/roadPoint.ts from cce:/internal/x/prerequisite-imports as file:///Users/xiejiapei/SpeedTaxi/assets/script/fight/roadPoint.ts.
debug: Resolve file:///Users/xiejiapei/SpeedTaxi/assets/script/framework/GameRoot.ts from cce:/internal/x/prerequisite-imports as file:///Users/xiejiapei/SpeedTaxi/assets/script/framework/GameRoot.ts.
debug: Resolve file:///Users/xiejiapei/SpeedTaxi/assets/script/framework/audioManager.ts from cce:/internal/x/prerequisite-imports as file:///Users/xiejiapei/SpeedTaxi/assets/script/framework/audioManager.ts.
debug: Resolve file:///Users/xiejiapei/SpeedTaxi/assets/script/framework/clientEvent.ts from cce:/internal/x/prerequisite-imports as file:///Users/xiejiapei/SpeedTaxi/assets/script/framework/clientEvent.ts.
debug: Resolve file:///Users/xiejiapei/SpeedTaxi/assets/script/framework/configuration.ts from cce:/internal/x/prerequisite-imports as file:///Users/xiejiapei/SpeedTaxi/assets/script/framework/configuration.ts.
debug: Resolve file:///Users/xiejiapei/SpeedTaxi/assets/script/framework/constant.ts from cce:/internal/x/prerequisite-imports as file:///Users/xiejiapei/SpeedTaxi/assets/script/framework/constant.ts.
debug: Resolve file:///Users/xiejiapei/SpeedTaxi/assets/script/framework/csvManager.ts from cce:/internal/x/prerequisite-imports as file:///Users/xiejiapei/SpeedTaxi/assets/script/framework/csvManager.ts.
debug: Resolve file:///Users/xiejiapei/SpeedTaxi/assets/script/framework/eventListener.ts from cce:/internal/x/prerequisite-imports as file:///Users/xiejiapei/SpeedTaxi/assets/script/framework/eventListener.ts.
debug: Resolve file:///Users/xiejiapei/SpeedTaxi/assets/script/framework/localConfig.ts from cce:/internal/x/prerequisite-imports as file:///Users/xiejiapei/SpeedTaxi/assets/script/framework/localConfig.ts.
debug: Resolve file:///Users/xiejiapei/SpeedTaxi/assets/script/framework/lodash.ts from cce:/internal/x/prerequisite-imports as file:///Users/xiejiapei/SpeedTaxi/assets/script/framework/lodash.ts.
debug: Resolve file:///Users/xiejiapei/SpeedTaxi/assets/script/framework/oneToMultiListener.ts from cce:/internal/x/prerequisite-imports as file:///Users/xiejiapei/SpeedTaxi/assets/script/framework/oneToMultiListener.ts.
debug: Resolve file:///Users/xiejiapei/SpeedTaxi/assets/script/framework/playerData.ts from cce:/internal/x/prerequisite-imports as file:///Users/xiejiapei/SpeedTaxi/assets/script/framework/playerData.ts.
debug: Resolve file:///Users/xiejiapei/SpeedTaxi/assets/script/framework/poolManager.ts from cce:/internal/x/prerequisite-imports as file:///Users/xiejiapei/SpeedTaxi/assets/script/framework/poolManager.ts.
debug: Resolve file:///Users/xiejiapei/SpeedTaxi/assets/script/framework/resourceUtil.ts from cce:/internal/x/prerequisite-imports as file:///Users/xiejiapei/SpeedTaxi/assets/script/framework/resourceUtil.ts.
debug: Resolve file:///Users/xiejiapei/SpeedTaxi/assets/script/framework/uiManager.ts from cce:/internal/x/prerequisite-imports as file:///Users/xiejiapei/SpeedTaxi/assets/script/framework/uiManager.ts.
debug: Resolve file:///Users/xiejiapei/SpeedTaxi/assets/script/framework/util.ts from cce:/internal/x/prerequisite-imports as file:///Users/xiejiapei/SpeedTaxi/assets/script/framework/util.ts.
debug: Resolve file:///Users/xiejiapei/SpeedTaxi/assets/script/i18nMaster/i18n/en.ts from cce:/internal/x/prerequisite-imports as file:///Users/xiejiapei/SpeedTaxi/assets/script/i18nMaster/i18n/en.ts.
debug: Resolve file:///Users/xiejiapei/SpeedTaxi/assets/script/i18nMaster/i18n/zh.ts from cce:/internal/x/prerequisite-imports as file:///Users/xiejiapei/SpeedTaxi/assets/script/i18nMaster/i18n/zh.ts.
debug: Resolve file:///Users/xiejiapei/SpeedTaxi/assets/script/i18nMaster/runtime-scripts/LanguageData.ts from cce:/internal/x/prerequisite-imports as file:///Users/xiejiapei/SpeedTaxi/assets/script/i18nMaster/runtime-scripts/LanguageData.ts.
debug: Resolve file:///Users/xiejiapei/SpeedTaxi/assets/script/i18nMaster/runtime-scripts/LocalizedLabel.ts from cce:/internal/x/prerequisite-imports as file:///Users/xiejiapei/SpeedTaxi/assets/script/i18nMaster/runtime-scripts/LocalizedLabel.ts.
debug: Resolve file:///Users/xiejiapei/SpeedTaxi/assets/script/i18nMaster/runtime-scripts/LocalizedSprite.ts from cce:/internal/x/prerequisite-imports as file:///Users/xiejiapei/SpeedTaxi/assets/script/i18nMaster/runtime-scripts/LocalizedSprite.ts.
debug: Resolve file:///Users/xiejiapei/SpeedTaxi/assets/script/i18nMaster/runtime-scripts/SpriteFrameSet.ts from cce:/internal/x/prerequisite-imports as file:///Users/xiejiapei/SpeedTaxi/assets/script/i18nMaster/runtime-scripts/SpriteFrameSet.ts.
debug: Resolve file:///Users/xiejiapei/SpeedTaxi/assets/script/i18nMaster/runtime-scripts/polyglot.min.ts from cce:/internal/x/prerequisite-imports as file:///Users/xiejiapei/SpeedTaxi/assets/script/i18nMaster/runtime-scripts/polyglot.min.ts.
debug: Resolve file:///Users/xiejiapei/SpeedTaxi/assets/script/logic/gameLogic.ts from cce:/internal/x/prerequisite-imports as file:///Users/xiejiapei/SpeedTaxi/assets/script/logic/gameLogic.ts.
debug: Resolve file:///Users/xiejiapei/SpeedTaxi/assets/script/main.ts from cce:/internal/x/prerequisite-imports as file:///Users/xiejiapei/SpeedTaxi/assets/script/main.ts.
debug: Resolve file:///Users/xiejiapei/SpeedTaxi/assets/script/ui/common/blockInputEvent.ts from cce:/internal/x/prerequisite-imports as file:///Users/xiejiapei/SpeedTaxi/assets/script/ui/common/blockInputEvent.ts.
debug: Resolve file:///Users/xiejiapei/SpeedTaxi/assets/script/ui/common/btnAdapter.ts from cce:/internal/x/prerequisite-imports as file:///Users/xiejiapei/SpeedTaxi/assets/script/ui/common/btnAdapter.ts.
debug: Resolve file:///Users/xiejiapei/SpeedTaxi/assets/script/ui/common/loading.ts from cce:/internal/x/prerequisite-imports as file:///Users/xiejiapei/SpeedTaxi/assets/script/ui/common/loading.ts.
debug: Resolve file:///Users/xiejiapei/SpeedTaxi/assets/script/ui/common/showReward.ts from cce:/internal/x/prerequisite-imports as file:///Users/xiejiapei/SpeedTaxi/assets/script/ui/common/showReward.ts.
debug: Resolve file:///Users/xiejiapei/SpeedTaxi/assets/script/ui/common/tips.ts from cce:/internal/x/prerequisite-imports as file:///Users/xiejiapei/SpeedTaxi/assets/script/ui/common/tips.ts.
debug: Resolve file:///Users/xiejiapei/SpeedTaxi/assets/script/ui/common/updateValueLabel.ts from cce:/internal/x/prerequisite-imports as file:///Users/xiejiapei/SpeedTaxi/assets/script/ui/common/updateValueLabel.ts.
debug: Resolve file:///Users/xiejiapei/SpeedTaxi/assets/script/ui/fight/balance.ts from cce:/internal/x/prerequisite-imports as file:///Users/xiejiapei/SpeedTaxi/assets/script/ui/fight/balance.ts.
debug: Resolve file:///Users/xiejiapei/SpeedTaxi/assets/script/ui/fight/clickBox.ts from cce:/internal/x/prerequisite-imports as file:///Users/xiejiapei/SpeedTaxi/assets/script/ui/fight/clickBox.ts.
debug: Resolve file:///Users/xiejiapei/SpeedTaxi/assets/script/ui/fight/fightCanvas.ts from cce:/internal/x/prerequisite-imports as file:///Users/xiejiapei/SpeedTaxi/assets/script/ui/fight/fightCanvas.ts.
debug: Resolve file:///Users/xiejiapei/SpeedTaxi/assets/script/ui/fight/fightUI.ts from cce:/internal/x/prerequisite-imports as file:///Users/xiejiapei/SpeedTaxi/assets/script/ui/fight/fightUI.ts.
debug: Resolve file:///Users/xiejiapei/SpeedTaxi/assets/script/ui/fight/revive.ts from cce:/internal/x/prerequisite-imports as file:///Users/xiejiapei/SpeedTaxi/assets/script/ui/fight/revive.ts.
debug: Resolve file:///Users/xiejiapei/SpeedTaxi/assets/script/ui/lottery/lottery.ts from cce:/internal/x/prerequisite-imports as file:///Users/xiejiapei/SpeedTaxi/assets/script/ui/lottery/lottery.ts.
debug: Resolve file:///Users/xiejiapei/SpeedTaxi/assets/script/ui/lottery/lotteryItem.ts from cce:/internal/x/prerequisite-imports as file:///Users/xiejiapei/SpeedTaxi/assets/script/ui/lottery/lotteryItem.ts.
debug: Resolve file:///Users/xiejiapei/SpeedTaxi/assets/script/ui/main/flyReward.ts from cce:/internal/x/prerequisite-imports as file:///Users/xiejiapei/SpeedTaxi/assets/script/ui/main/flyReward.ts.
debug: Resolve file:///Users/xiejiapei/SpeedTaxi/assets/script/ui/main/flyRewardItem.ts from cce:/internal/x/prerequisite-imports as file:///Users/xiejiapei/SpeedTaxi/assets/script/ui/main/flyRewardItem.ts.
debug: Resolve file:///Users/xiejiapei/SpeedTaxi/assets/script/ui/main/invincible.ts from cce:/internal/x/prerequisite-imports as file:///Users/xiejiapei/SpeedTaxi/assets/script/ui/main/invincible.ts.
debug: Resolve file:///Users/xiejiapei/SpeedTaxi/assets/script/ui/main/mainUI.ts from cce:/internal/x/prerequisite-imports as file:///Users/xiejiapei/SpeedTaxi/assets/script/ui/main/mainUI.ts.
debug: Resolve file:///Users/xiejiapei/SpeedTaxi/assets/script/ui/main/setting.ts from cce:/internal/x/prerequisite-imports as file:///Users/xiejiapei/SpeedTaxi/assets/script/ui/main/setting.ts.
debug: Resolve file:///Users/xiejiapei/SpeedTaxi/assets/script/ui/main/trial.ts from cce:/internal/x/prerequisite-imports as file:///Users/xiejiapei/SpeedTaxi/assets/script/ui/main/trial.ts.
debug: Resolve file:///Users/xiejiapei/SpeedTaxi/assets/script/ui/online/online.ts from cce:/internal/x/prerequisite-imports as file:///Users/xiejiapei/SpeedTaxi/assets/script/ui/online/online.ts.
debug: Resolve file:///Users/xiejiapei/SpeedTaxi/assets/script/ui/online/onlineDouble.ts from cce:/internal/x/prerequisite-imports as file:///Users/xiejiapei/SpeedTaxi/assets/script/ui/online/onlineDouble.ts.
debug: Resolve file:///Users/xiejiapei/SpeedTaxi/assets/script/ui/shop/shop.ts from cce:/internal/x/prerequisite-imports as file:///Users/xiejiapei/SpeedTaxi/assets/script/ui/shop/shop.ts.
debug: Resolve file:///Users/xiejiapei/SpeedTaxi/assets/script/ui/shop/shopItem.ts from cce:/internal/x/prerequisite-imports as file:///Users/xiejiapei/SpeedTaxi/assets/script/ui/shop/shopItem.ts.
debug: Resolve file:///Users/xiejiapei/SpeedTaxi/assets/script/ui/shop/shopPage.ts from cce:/internal/x/prerequisite-imports as file:///Users/xiejiapei/SpeedTaxi/assets/script/ui/shop/shopPage.ts.
debug: Resolve file:///Users/xiejiapei/SpeedTaxi/assets/script/ui/signIn/signIn.ts from cce:/internal/x/prerequisite-imports as file:///Users/xiejiapei/SpeedTaxi/assets/script/ui/signIn/signIn.ts.
debug: Resolve file:///Users/xiejiapei/SpeedTaxi/assets/script/ui/signIn/signInItem.ts from cce:/internal/x/prerequisite-imports as file:///Users/xiejiapei/SpeedTaxi/assets/script/ui/signIn/signInItem.ts.
debug: Target(preview) ends with cost 81.61333298683167ms.
